gyp info it worked if it ends with ok
gyp info using node-gyp@11.0.0
gyp info using node@23.11.0 | darwin | arm64
gyp info find Python using Python version 3.13.2 found at "/opt/homebrew/opt/python@3.13/bin/python3.13"
gyp info spawn /opt/homebrew/opt/python@3.13/bin/python3.13
gyp info spawn args [
gyp info spawn args '/opt/homebrew/lib/node_modules/npm/node_modules/node-gyp/gyp/gyp_main.py',
gyp info spawn args 'binding.gyp',
gyp info spawn args '-f',
gyp info spawn args 'make',
gyp info spawn args '-I',
gyp info spawn args '/Users/stefan/Documents/GitHub/enter-the-vibe/node_modules/ws/build/config.gypi',
gyp info spawn args '-I',
gyp info spawn args '/opt/homebrew/lib/node_modules/npm/node_modules/node-gyp/addon.gypi',
gyp info spawn args '-I',
gyp info spawn args '/Users/stefan/Library/Caches/node-gyp/23.11.0/include/node/common.gypi',
gyp info spawn args '-Dlibrary=shared_library',
gyp info spawn args '-Dvisibility=default',
gyp info spawn args '-Dnode_root_dir=/Users/stefan/Library/Caches/node-gyp/23.11.0',
gyp info spawn args '-Dnode_gyp_dir=/opt/homebrew/lib/node_modules/npm/node_modules/node-gyp',
gyp info spawn args '-Dnode_lib_file=/Users/stefan/Library/Caches/node-gyp/23.11.0/<(target_arch)/node.lib',
gyp info spawn args '-Dmodule_root_dir=/Users/stefan/Documents/GitHub/enter-the-vibe/node_modules/ws',
gyp info spawn args '-Dnode_engine=v8',
gyp info spawn args '--depth=.',
gyp info spawn args '--no-parallel',
gyp info spawn args '--generator-output',
gyp info spawn args 'build',
gyp info spawn args '-Goutput_dir=.'
gyp info spawn args ]
gyp info spawn make
gyp info spawn args [ 'BUILDTYPE=Release', '-C', 'build' ]
In file included from ../src/bufferutil.cc:15:
../../nan/nan.h:83:23: error: no matching member function for call to 'Has'
   83 |       || !optionsObj->Has(opt)
      |           ~~~~~~~~~~~~^~~
/Users/stefan/Library/Caches/node-gyp/23.11.0/include/node/v8-object.h:336:37: note: candidate function not viable: requires 2 arguments, but 1 was provided
  336 |   V8_WARN_UNUSED_RESULT Maybe<bool> Has(Local<Context> context,
      |                                     ^   ~~~~~~~~~~~~~~~~~~~~~~~
  337 |                                         Local<Value> key);
      |                                         ~~~~~~~~~~~~~~~~
/Users/stefan/Library/Caches/node-gyp/23.11.0/include/node/v8-object.h:342:37: note: candidate function not viable: requires 2 arguments, but 1 was provided
  342 |   V8_WARN_UNUSED_RESULT Maybe<bool> Has(Local<Context> context, uint32_t index);
      |                                     ^   ~~~~~~~~~~~~~~~~~~~~~~~~~~~~~~~~~~~~~~
In file included from ../src/bufferutil.cc:15:
../../nan/nan.h:84:22: error: no matching member function for call to 'Get'
   84 |       || optionsObj->Get(opt)->BooleanValue();
      |          ~~~~~~~~~~~~^~~
/Users/stefan/Library/Caches/node-gyp/23.11.0/include/node/v8-object.h:297:43: note: candidate function not viable: requires 2 arguments, but 1 was provided
  297 |   V8_WARN_UNUSED_RESULT MaybeLocal<Value> Get(Local<Context> context,
      |                                           ^   ~~~~~~~~~~~~~~~~~~~~~~~
  298 |                                               Local<Value> key);
      |                                               ~~~~~~~~~~~~~~~~
/Users/stefan/Library/Caches/node-gyp/23.11.0/include/node/v8-object.h:303:43: note: candidate function not viable: requires 2 arguments, but 1 was provided
  303 |   V8_WARN_UNUSED_RESULT MaybeLocal<Value> Get(Local<Context> context,
      |                                           ^   ~~~~~~~~~~~~~~~~~~~~~~~
  304 |                                               uint32_t index);
      |                                               ~~~~~~~~~~~~~~
/Users/stefan/Library/Caches/node-gyp/23.11.0/include/node/v8-object.h:299:43: note: candidate function not viable: requires 3 arguments, but 1 was provided
  299 |   V8_WARN_UNUSED_RESULT MaybeLocal<Value> Get(Local<Context> context,
      |                                           ^   ~~~~~~~~~~~~~~~~~~~~~~~
  300 |                                               Local<Value> key,
      |                                               ~~~~~~~~~~~~~~~~~
  301 |                                               MaybeLocal<Object> receiver);
      |                                               ~~~~~~~~~~~~~~~~~~~~~~~~~~~
In file included from ../src/bufferutil.cc:15:
../../nan/nan.h:87:22: error: no matching member function for call to 'Has'
   87 |       && optionsObj->Has(opt)
      |          ~~~~~~~~~~~~^~~
/Users/stefan/Library/Caches/node-gyp/23.11.0/include/node/v8-object.h:336:37: note: candidate function not viable: requires 2 arguments, but 1 was provided
  336 |   V8_WARN_UNUSED_RESULT Maybe<bool> Has(Local<Context> context,
      |                                     ^   ~~~~~~~~~~~~~~~~~~~~~~~
  337 |                                         Local<Value> key);
      |                                         ~~~~~~~~~~~~~~~~
/Users/stefan/Library/Caches/node-gyp/23.11.0/include/node/v8-object.h:342:37: note: candidate function not viable: requires 2 arguments, but 1 was provided
  342 |   V8_WARN_UNUSED_RESULT Maybe<bool> Has(Local<Context> context, uint32_t index);
      |                                     ^   ~~~~~~~~~~~~~~~~~~~~~~~~~~~~~~~~~~~~~~
In file included from ../src/bufferutil.cc:15:
../../nan/nan.h:88:22: error: no matching member function for call to 'Get'
   88 |       && optionsObj->Get(opt)->BooleanValue();
      |          ~~~~~~~~~~~~^~~
/Users/stefan/Library/Caches/node-gyp/23.11.0/include/node/v8-object.h:297:43: note: candidate function not viable: requires 2 arguments, but 1 was provided
  297 |   V8_WARN_UNUSED_RESULT MaybeLocal<Value> Get(Local<Context> context,
      |                                           ^   ~~~~~~~~~~~~~~~~~~~~~~~
  298 |                                               Local<Value> key);
      |                                               ~~~~~~~~~~~~~~~~
/Users/stefan/Library/Caches/node-gyp/23.11.0/include/node/v8-object.h:303:43: note: candidate function not viable: requires 2 arguments, but 1 was provided
  303 |   V8_WARN_UNUSED_RESULT MaybeLocal<Value> Get(Local<Context> context,
      |                                           ^   ~~~~~~~~~~~~~~~~~~~~~~~
  304 |                                               uint32_t index);
      |                                               ~~~~~~~~~~~~~~
/Users/stefan/Library/Caches/node-gyp/23.11.0/include/node/v8-object.h:299:43: note: candidate function not viable: requires 3 arguments, but 1 was provided
  299 |   V8_WARN_UNUSED_RESULT MaybeLocal<Value> Get(Local<Context> context,
      |                                           ^   ~~~~~~~~~~~~~~~~~~~~~~~
  300 |                                               Local<Value> key,
      |                                               ~~~~~~~~~~~~~~~~~
  301 |                                               MaybeLocal<Object> receiver);
      |                                               ~~~~~~~~~~~~~~~~~~~~~~~~~~~
In file included from ../src/bufferutil.cc:15:
../../nan/nan.h:105:20: error: no matching member function for call to 'Has'
  105 |     && optionsObj->Has(opt)
      |        ~~~~~~~~~~~~^~~
/Users/stefan/Library/Caches/node-gyp/23.11.0/include/node/v8-object.h:336:37: note: candidate function not viable: requires 2 arguments, but 1 was provided
  336 |   V8_WARN_UNUSED_RESULT Maybe<bool> Has(Local<Context> context,
      |                                     ^   ~~~~~~~~~~~~~~~~~~~~~~~
  337 |                                         Local<Value> key);
      |                                         ~~~~~~~~~~~~~~~~
/Users/stefan/Library/Caches/node-gyp/23.11.0/include/node/v8-object.h:342:37: note: candidate function not viable: requires 2 arguments, but 1 was provided
  342 |   V8_WARN_UNUSED_RESULT Maybe<bool> Has(Local<Context> context, uint32_t index);
      |                                     ^   ~~~~~~~~~~~~~~~~~~~~~~~~~~~~~~~~~~~~~~
In file included from ../src/bufferutil.cc:15:
../../nan/nan.h:106:20: error: no matching member function for call to 'Get'
  106 |     && optionsObj->Get(opt)->IsNumber()
      |        ~~~~~~~~~~~~^~~
/Users/stefan/Library/Caches/node-gyp/23.11.0/include/node/v8-object.h:297:43: note: candidate function not viable: requires 2 arguments, but 1 was provided
  297 |   V8_WARN_UNUSED_RESULT MaybeLocal<Value> Get(Local<Context> context,
      |                                           ^   ~~~~~~~~~~~~~~~~~~~~~~~
  298 |                                               Local<Value> key);
      |                                               ~~~~~~~~~~~~~~~~
/Users/stefan/Library/Caches/node-gyp/23.11.0/include/node/v8-object.h:303:43: note: candidate function not viable: requires 2 arguments, but 1 was provided
  303 |   V8_WARN_UNUSED_RESULT MaybeLocal<Value> Get(Local<Context> context,
      |                                           ^   ~~~~~~~~~~~~~~~~~~~~~~~
  304 |                                               uint32_t index);
      |                                               ~~~~~~~~~~~~~~
/Users/stefan/Library/Caches/node-gyp/23.11.0/include/node/v8-object.h:299:43: note: candidate function not viable: requires 3 arguments, but 1 was provided
  299 |   V8_WARN_UNUSED_RESULT MaybeLocal<Value> Get(Local<Context> context,
      |                                           ^   ~~~~~~~~~~~~~~~~~~~~~~~
  300 |                                               Local<Value> key,
      |                                               ~~~~~~~~~~~~~~~~~
  301 |                                               MaybeLocal<Object> receiver);
      |                                               ~~~~~~~~~~~~~~~~~~~~~~~~~~~
In file included from ../src/bufferutil.cc:15:
../../nan/nan.h:107:21: error: no matching member function for call to 'Get'
  107 |       ? optionsObj->Get(opt)->Uint32Value()
      |         ~~~~~~~~~~~~^~~
/Users/stefan/Library/Caches/node-gyp/23.11.0/include/node/v8-object.h:297:43: note: candidate function not viable: requires 2 arguments, but 1 was provided
  297 |   V8_WARN_UNUSED_RESULT MaybeLocal<Value> Get(Local<Context> context,
      |                                           ^   ~~~~~~~~~~~~~~~~~~~~~~~
  298 |                                               Local<Value> key);
      |                                               ~~~~~~~~~~~~~~~~
/Users/stefan/Library/Caches/node-gyp/23.11.0/include/node/v8-object.h:303:43: note: candidate function not viable: requires 2 arguments, but 1 was provided
  303 |   V8_WARN_UNUSED_RESULT MaybeLocal<Value> Get(Local<Context> context,
      |                                           ^   ~~~~~~~~~~~~~~~~~~~~~~~
  304 |                                               uint32_t index);
      |                                               ~~~~~~~~~~~~~~
/Users/stefan/Library/Caches/node-gyp/23.11.0/include/node/v8-object.h:299:43: note: candidate function not viable: requires 3 arguments, but 1 was provided
  299 |   V8_WARN_UNUSED_RESULT MaybeLocal<Value> Get(Local<Context> context,
      |                                           ^   ~~~~~~~~~~~~~~~~~~~~~~~
  300 |                                               Local<Value> key,
      |                                               ~~~~~~~~~~~~~~~~~
  301 |                                               MaybeLocal<Object> receiver);
      |                                               ~~~~~~~~~~~~~~~~~~~~~~~~~~~
In file included from ../src/bufferutil.cc:15:
../../nan/nan.h:120:25: error: redefinition of '_NanEnsureLocal'
  120 | NAN_INLINE v8::Local<T> _NanEnsureLocal(v8::Local<T> val) {
      |                         ^
../../nan/nan.h:115:25: note: previous definition is here
  115 | NAN_INLINE v8::Local<T> _NanEnsureLocal(v8::Handle<T> val) {
      |                         ^
../../nan/nan.h:207:68: error: too many arguments to function call, expected at most 2, have 4
  207 |     return v8::Signature::New(v8::Isolate::GetCurrent(), receiver, argc, argv);
      |            ~~~~~~~~~~~~~~~~~~                                      ^~~~~~~~~~
/Users/stefan/Library/Caches/node-gyp/23.11.0/include/node/v8-template.h:1088:27: note: 'New' declared here
 1088 |   static Local<Signature> New(
      |                           ^
 1089 |       Isolate* isolate,
      |       ~~~~~~~~~~~~~~~~~
 1090 |       Local<FunctionTemplate> receiver = Local<FunctionTemplate>());
      |       ~~~~~~~~~~~~~~~~~~~~~~~~~~~~~~~~~~~~~~~~~~~~~~~~~~~~~~~~~~~~
In file included from ../src/bufferutil.cc:15:
../../nan/nan.h:245:26: error: no viable conversion from 'Isolate *' to 'Local<Context>'
  245 |     return v8::Date::New(v8::Isolate::GetCurrent(), time).As<v8::Date>();
      |                          ^~~~~~~~~~~~~~~~~~~~~~~~~
/Users/stefan/Library/Caches/node-gyp/23.11.0/include/node/v8-local-handle.h:250:22: note: candidate constructor (the implicit copy constructor) not viable: no known conversion from 'Isolate *' to 'const Local<Context> &' for 1st argument
  250 | class V8_TRIVIAL_ABI Local : public LocalBase<T>,
      |                      ^~~~~
/Users/stefan/Library/Caches/node-gyp/23.11.0/include/node/v8-local-handle.h:250:22: note: candidate constructor (the implicit move constructor) not viable: no known conversion from 'Isolate *' to 'Local<Context> &&' for 1st argument
  250 | class V8_TRIVIAL_ABI Local : public LocalBase<T>,
      |                      ^~~~~
/Users/stefan/Library/Caches/node-gyp/23.11.0/include/node/v8-local-handle.h:261:13: note: candidate template ignored: could not match 'Local<S>' against 'Isolate *'
  261 |   V8_INLINE Local(Local<S> that) : LocalBase<T>(that) {
      |             ^
/Users/stefan/Library/Caches/node-gyp/23.11.0/include/node/v8-local-handle.h:392:12: note: explicit constructor is not a candidate
  392 |   explicit Local(no_checking_tag do_not_check)
      |            ^
/Users/stefan/Library/Caches/node-gyp/23.11.0/include/node/v8-local-handle.h:397:22: note: explicit constructor is not a candidate
  397 |   V8_INLINE explicit Local(const LocalBase<T>& other) : LocalBase<T>(other) {}
      |                      ^
/Users/stefan/Library/Caches/node-gyp/23.11.0/include/node/v8-date.h:21:69: note: passing argument to parameter 'context' here
   21 |   static V8_WARN_UNUSED_RESULT MaybeLocal<Value> New(Local<Context> context,
      |                                                                     ^
In file included from ../src/bufferutil.cc:15:
../../nan/nan.h:250:26: error: no viable conversion from 'Isolate *' to 'Local<Context>'
  250 |     return v8::Date::New(v8::Isolate::GetCurrent(), time).As<v8::Date>();
      |                          ^~~~~~~~~~~~~~~~~~~~~~~~~
/Users/stefan/Library/Caches/node-gyp/23.11.0/include/node/v8-local-handle.h:250:22: note: candidate constructor (the implicit copy constructor) not viable: no known conversion from 'Isolate *' to 'const Local<Context> &' for 1st argument
  250 | class V8_TRIVIAL_ABI Local : public LocalBase<T>,
      |                      ^~~~~
/Users/stefan/Library/Caches/node-gyp/23.11.0/include/node/v8-local-handle.h:250:22: note: candidate constructor (the implicit move constructor) not viable: no known conversion from 'Isolate *' to 'Local<Context> &&' for 1st argument
  250 | class V8_TRIVIAL_ABI Local : public LocalBase<T>,
      |                      ^~~~~
/Users/stefan/Library/Caches/node-gyp/23.11.0/include/node/v8-local-handle.h:261:13: note: candidate template ignored: could not match 'Local<S>' against 'Isolate *'
  261 |   V8_INLINE Local(Local<S> that) : LocalBase<T>(that) {
      |             ^
/Users/stefan/Library/Caches/node-gyp/23.11.0/include/node/v8-local-handle.h:392:12: note: explicit constructor is not a candidate
  392 |   explicit Local(no_checking_tag do_not_check)
      |            ^
/Users/stefan/Library/Caches/node-gyp/23.11.0/include/node/v8-local-handle.h:397:22: note: explicit constructor is not a candidate
  397 |   V8_INLINE explicit Local(const LocalBase<T>& other) : LocalBase<T>(other) {}
      |                      ^
/Users/stefan/Library/Caches/node-gyp/23.11.0/include/node/v8-date.h:21:69: note: passing argument to parameter 'context' here
   21 |   static V8_WARN_UNUSED_RESULT MaybeLocal<Value> New(Local<Context> context,
      |                                                                     ^
In file included from ../src/bufferutil.cc:15:
../../nan/nan.h:262:32: error: no member named 'CompileUnbound' in 'v8::ScriptCompiler'
  262 |     return v8::ScriptCompiler::CompileUnbound(
      |            ~~~~~~~~~~~~~~~~~~~~^
../../nan/nan.h:271:32: error: no member named 'CompileUnbound' in 'v8::ScriptCompiler'
  271 |     return v8::ScriptCompiler::CompileUnbound(
      |            ~~~~~~~~~~~~~~~~~~~~^
../../nan/nan.h:277:40: error: too few arguments to function call, expected 2, have 1
  277 |     return v8::BooleanObject::New(value).As<v8::BooleanObject>();
      |            ~~~~~~~~~~~~~~~~~~~~~~      ^
/Users/stefan/Library/Caches/node-gyp/23.11.0/include/node/v8-primitive-object.h:61:23: note: 'New' declared here
   61 |   static Local<Value> New(Isolate* isolate, bool value);
      |                       ^   ~~~~~~~~~~~~~~~~~~~~~~~~~~~~
In file included from ../src/bufferutil.cc:15:
../../nan/nan.h:284:39: error: too few arguments to function call, expected 2, have 1
  284 |     return v8::StringObject::New(value).As<v8::StringObject>();
      |            ~~~~~~~~~~~~~~~~~~~~~      ^
/Users/stefan/Library/Caches/node-gyp/23.11.0/include/node/v8-primitive-object.h:81:23: note: 'New' declared here
   81 |   static Local<Value> New(Isolate* isolate, Local<String> value);
      |                       ^   ~~~~~~~~~~~~~~~~~~~~~~~~~~~~~~~~~~~~~
In file included from ../src/bufferutil.cc:15:
../../nan/nan.h:289:3: error: redefinition of 'NanNew<v8::StringObject, v8::Local<v8::String>>'
  289 |   NanNew<v8::StringObject, v8::Handle<v8::String> >(
      |   ^
../../nan/nan.h:282:3: note: previous definition is here
  282 |   NanNew<v8::StringObject, v8::Local<v8::String> >(
      |   ^
../../nan/nan.h:291:39: error: too few arguments to function call, expected 2, have 1
  291 |     return v8::StringObject::New(value).As<v8::StringObject>();
      |            ~~~~~~~~~~~~~~~~~~~~~      ^
/Users/stefan/Library/Caches/node-gyp/23.11.0/include/node/v8-primitive-object.h:81:23: note: 'New' declared here
   81 |   static Local<Value> New(Isolate* isolate, Local<String> value);
      |                       ^   ~~~~~~~~~~~~~~~~~~~~~~~~~~~~~~~~~~~~~
In file included from ../src/bufferutil.cc:15:
../../nan/nan.h:303:42: error: too few arguments to function call, expected 3, have 2
  303 |     return v8::RegExp::New(pattern, flags);
      |            ~~~~~~~~~~~~~~~               ^
/Users/stefan/Library/Caches/node-gyp/23.11.0/include/node/v8-regexp.h:55:51: note: 'New' declared here
   55 |   static V8_WARN_UNUSED_RESULT MaybeLocal<RegExp> New(Local<Context> context,
      |                                                   ^   ~~~~~~~~~~~~~~~~~~~~~~~
   56 |                                                       Local<String> pattern,
      |                                                       ~~~~~~~~~~~~~~~~~~~~~~
   57 |                                                       Flags flags);
      |                                                       ~~~~~~~~~~~
In file included from ../src/bufferutil.cc:15:
../../nan/nan.h:307:36: error: redefinition of 'NanNew'
  307 |   NAN_INLINE v8::Local<v8::RegExp> NanNew(
      |                                    ^
../../nan/nan.h:301:36: note: previous definition is here
  301 |   NAN_INLINE v8::Local<v8::RegExp> NanNew(
      |                                    ^
fatal error: too many errors emitted, stopping now [-ferror-limit=]
20 errors generated.
make: *** [Release/obj.target/bufferutil/src/bufferutil.o] Error 1
gyp ERR! build error 
gyp ERR! stack Error: `make` failed with exit code: 2
gyp ERR! stack at ChildProcess.<anonymous> (/opt/homebrew/lib/node_modules/npm/node_modules/node-gyp/lib/build.js:216:23)
gyp ERR! System Darwin 24.2.0
gyp ERR! command "/opt/homebrew/Cellar/node/23.11.0/bin/node" "/opt/homebrew/lib/node_modules/npm/node_modules/node-gyp/bin/node-gyp.js" "rebuild"
gyp ERR! cwd /Users/stefan/Documents/GitHub/enter-the-vibe/node_modules/ws
gyp ERR! node -v v23.11.0
gyp ERR! node-gyp -v v11.0.0
gyp ERR! not ok 
